<?xml version="1.0" encoding="UTF-8"?>
<routes xmlns="http://camel.apache.org/schema/spring">
	<route id="myroute2">
		<from uri="direct:myroute2" />
		<setBody>
			<simple>From camel route 2</simple>
		</setBody>
	</route>
</routes>